   ▲ Next.js 14.0.3
   - Local:        http://localhost:3000

 ✓ Ready in 1141ms
 ○ Compiling / ...
 ✓ Compiled / in 1226ms (690 modules)
 ⚠ Unsupported metadata viewport is configured in metadata export. Please move it to viewport export instead.
 ✓ Compiled in 352ms (310 modules)
 ✓ Compiled /groups/[id] in 400ms (696 modules)
 ⚠ Unsupported metadata viewport is configured in metadata export. Please move it to viewport export instead.
(node:83560) [DEP0060] DeprecationWarning: The `util._extend` API is deprecated. Please use Object.assign() instead.
(Use `node --trace-deprecation ...` to show where the warning was created)
 ⚠ Unsupported metadata viewport is configured in metadata export. Please move it to viewport export instead.
 ✓ Compiled /login in 132ms (702 modules)
 ⚠ Unsupported metadata viewport is configured in metadata export. Please move it to viewport export instead.
 ⚠ Fast Refresh had to perform a full reload due to a runtime error.
 ⚠ Unsupported metadata viewport is configured in metadata export. Please move it to viewport export instead.
 ⚠ Unsupported metadata viewport is configured in metadata export. Please move it to viewport export instead.
 ✓ Compiled in 390ms (716 modules)
 ⚠ Unsupported metadata viewport is configured in metadata export. Please move it to viewport export instead.
 ⚠ Fast Refresh had to perform a full reload due to a runtime error.
 ⚠ Unsupported metadata viewport is configured in metadata export. Please move it to viewport export instead.
 ✓ Compiled /groups in 118ms (708 modules)
 ⚠ Unsupported metadata viewport is configured in metadata export. Please move it to viewport export instead.
 ⚠ Unsupported metadata viewport is configured in metadata export. Please move it to viewport export instead.
 ✓ Compiled in 303ms (722 modules)
 ⚠ Unsupported metadata viewport is configured in metadata export. Please move it to viewport export instead.
 ⚠ Unsupported metadata viewport is configured in metadata export. Please move it to viewport export instead.
 ⚠ Unsupported metadata viewport is configured in metadata export. Please move it to viewport export instead.
 ⚠ Unsupported metadata viewport is configured in metadata export. Please move it to viewport export instead.
 ⚠ Unsupported metadata viewport is configured in metadata export. Please move it to viewport export instead.
 ⚠ Unsupported metadata viewport is configured in metadata export. Please move it to viewport export instead.
 ⚠ Unsupported metadata viewport is configured in metadata export. Please move it to viewport export instead.
